DO LON CUA MANG: 1000
Selection Sort Time: 0.00816431 seconds
Insertion Sort Time: 0.00452523 seconds
Merge Sort Time: 0.00451128 seconds
Quick Sort Time: 0.00406385 seconds
DO LON CUA MANG: 2000
Selection Sort Time: 0.0120065 seconds
Insertion Sort Time: 0.00383207 seconds
Merge Sort Time: 0.00546471 seconds
Quick Sort Time: 0.00402406 seconds
DO LON CUA MANG: 10000
Selection Sort Time: 0.191097 seconds
Insertion Sort Time: 0.199733 seconds
Merge Sort Time: 0.0122432 seconds
Quick Sort Time: 0.00593429 seconds
DO LON CUA MANG: 20000
Selection Sort Time: 0.741447 seconds
Insertion Sort Time: 0.920038 seconds
Merge Sort Time: 0.0206145 seconds
Quick Sort Time: 0.00761597 seconds
DO LON CUA MANG: 30000
Selection Sort Time: 1.65878 seconds
Insertion Sort Time: 2.09486 seconds
Merge Sort Time: 0.0308845 seconds
Quick Sort Time: 0.00937132 seconds
