DO LON CUA MANG: 1000
Selection Sort Time: 0.0059922 seconds
Insertion Sort Time: 0.00599561 seconds
Merge Sort Time: 0.00566109 seconds
Quick Sort Time: 0.00646191 seconds
DO LON CUA MANG: 2000
Selection Sort Time: 0.0115432 seconds
Insertion Sort Time: 0.00375412 seconds
Merge Sort Time: 0.00580858 seconds
Quick Sort Time: 0.00460316 seconds
DO LON CUA MANG: 10000
Selection Sort Time: 0.191173 seconds
Insertion Sort Time: 0.236866 seconds
Merge Sort Time: 0.0161113 seconds
Quick Sort Time: 0.00751587 seconds
DO LON CUA MANG: 20000
Selection Sort Time: 0.755041 seconds
Insertion Sort Time: 0.827073 seconds
Merge Sort Time: 0.0233359 seconds
Quick Sort Time: 0.00912464 seconds
DO LON CUA MANG: 30000
Selection Sort Time: 1.65592 seconds
Insertion Sort Time: 2.19564 seconds
Merge Sort Time: 0.0323747 seconds
Quick Sort Time: 0.011987 seconds
