DO LON CUA MANG: 1000
Selection Sort Time: 0.00618619 seconds
Insertion Sort Time: 0.00406239 seconds
Merge Sort Time: 0.00565017 seconds
Quick Sort Time: 0.00478929 seconds
DO LON CUA MANG: 2000
Selection Sort Time: 0.0117364 seconds
Insertion Sort Time: 0.00379994 seconds
Merge Sort Time: 0.00598448 seconds
Quick Sort Time: 0.00405409 seconds
DO LON CUA MANG: 10000
Selection Sort Time: 0.23435 seconds
Insertion Sort Time: 0.360227 seconds
Merge Sort Time: 0.0125415 seconds
Quick Sort Time: 0.00548811 seconds
DO LON CUA MANG: 20000
Selection Sort Time: 0.839907 seconds
Insertion Sort Time: 1.49243 seconds
Merge Sort Time: 0.0228987 seconds
Quick Sort Time: 0.00782815 seconds
DO LON CUA MANG: 30000
Selection Sort Time: 1.75386 seconds
Insertion Sort Time: 3.94714 seconds
Merge Sort Time: 0.019356 seconds
Quick Sort Time: 0.00614287 seconds
