DO LON CUA MANG: 1000
Selection Sort Time: 0.00582128 seconds
Insertion Sort Time: 0.00543644 seconds
Merge Sort Time: 0.00433486 seconds
Quick Sort Time: 0.00491066 seconds
DO LON CUA MANG: 2000
Selection Sort Time: 0.0121923 seconds
Insertion Sort Time: 0.00579114 seconds
Merge Sort Time: 0.00635761 seconds
Quick Sort Time: 0.00455188 seconds
DO LON CUA MANG: 10000
Selection Sort Time: 0.189745 seconds
Insertion Sort Time: 0.101497 seconds
Merge Sort Time: 0.0165375 seconds
Quick Sort Time: 0.00649668 seconds
DO LON CUA MANG: 20000
Selection Sort Time: 0.741596 seconds
Insertion Sort Time: 0.154401 seconds
Merge Sort Time: 0.0229171 seconds
Quick Sort Time: 0.00822407 seconds
DO LON CUA MANG: 30000
Selection Sort Time: 1.65648 seconds
Insertion Sort Time: 0.123479 seconds
Merge Sort Time: 0.0339667 seconds
Quick Sort Time: 0.0114296 seconds
